<?xml version="1.0" encoding="UTF-8"?>
<testsuite xmlns:xsi="http://www.w3.org/2001/XMLSchema-instance" xsi:noNamespaceSchemaLocation="https://maven.apache.org/surefire/maven-surefire-plugin/xsd/surefire-test-report-3.0.xsd" version="3.0" name="TestSuite" time="1.332" tests="12" errors="0" skipped="0" failures="0">
  <properties>
[...]
</properties>
  <testcase name="shouldCalculateFareForBikeCorrectly" classname="model.BikeTest" time="0.017"/>
  <testcase name="shouldReturnBikeType" classname="model.BikeTest" time="0.0"/>
  <testcase name="shouldCalculateFareForCarCorrectly" classname="model.CarTest" time="0.0"/>
  <testcase name="shouldReturnCarType" classname="model.CarTest" time="0.001"/>
  <testcase name="testGetNameReturnsDriverName" classname="model.DriverTest" time="0.004"/>
  <testcase name="testGetVehicleReturnsDriverVehicle" classname="model.DriverTest" time="0.0"/>
  <testcase name="testGetName" classname="model.RiderTest" time="0.0"/>
  <testcase name="testFareForBike" classname="model.RideTest" time="0.003"/>
  <testcase name="testFareForCar" classname="model.RideTest" time="0.001"/>
  <testcase name="testAbstractUserNameIsStored" classname="model.UserTest" time="0.004"/>
  <testcase name="testBikeCalculateFareAndType" classname="model.VehicleTest" time="0.001"/>
  <testcase name="testCarCalculateFareAndType" classname="model.VehicleTest" time="0.001"/>
</testsuite>