<?xml version="1.0" encoding="UTF-8"?>
<!-- Generated by org.testng.reporters.JUnitXMLReporter -->
<testsuite ignored="0" hostname="DESKTOP-73JPHPT" failures="0" tests="12" name="Surefire test" time="0.173" errors="0" timestamp="2026-06-07T08:43:05 PKT">
  <testcase classname="model.BikeTest" name="shouldCalculateFareForBikeCorrectly" time="0.021"/>
  <testcase classname="model.BikeTest" name="shouldReturnBikeType" time="0.001"/>
  <testcase classname="model.CarTest" name="shouldCalculateFareForCarCorrectly" time="0.004"/>
  <testcase classname="model.CarTest" name="shouldReturnCarType" time="0.002"/>
  <testcase classname="model.DriverTest" name="testGetNameReturnsDriverName" time="0.002"/>
  <testcase classname="model.DriverTest" name="testGetVehicleReturnsDriverVehicle" time="0.002"/>
  <testcase classname="model.RiderTest" name="testGetName" time="0.003"/>
  <testcase classname="model.RideTest" name="testFareForBike" time="0.005"/>
  <testcase classname="model.RideTest" name="testFareForCar" time="0.002"/>
  <testcase classname="model.UserTest" name="testAbstractUserNameIsStored" time="0.004"/>
  <testcase classname="model.VehicleTest" name="testBikeCalculateFareAndType" time="0.001"/>
  <testcase classname="model.VehicleTest" name="testCarCalculateFareAndType" time="0.0"/>
</testsuite> <!-- Surefire test -->
